<?xml version="1.0" encoding="UTF-8"?>
<coverage generated="1579114791">
  <project timestamp="1579114791">
    <package name="UniversalEducation\Api">
      <file name="/home/jherr/git/portal_api_php_sdk/src/UniversalEducation/Api/Client.php">
        <class name="UniversalEducation\Api\Client" namespace="UniversalEducation\Api">
          <metrics complexity="56" methods="36" coveredmethods="25" conditionals="0" coveredconditionals="0" statements="83" coveredstatements="64" elements="119" coveredelements="89"/>
        </class>
        <line num="58" type="method" name="configure" visibility="public" complexity="1" crap="1" count="18"/>
        <line num="60" type="stmt" count="18"/>
        <line num="61" type="stmt" count="18"/>
        <line num="75" type="method" name="configureBearer" visibility="public" complexity="6" crap="6.04" count="18"/>
        <line num="77" type="stmt" count="18"/>
        <line num="78" type="stmt" count="1"/>
        <line num="80" type="stmt" count="18"/>
        <line num="81" type="stmt" count="12"/>
        <line num="82" type="stmt" count="18"/>
        <line num="83" type="stmt" count="0"/>
        <line num="85" type="stmt" count="18"/>
        <line num="87" type="stmt" count="18"/>
        <line num="88" type="stmt" count="18"/>
        <line num="89" type="stmt" count="18"/>
        <line num="98" type="method" name="failOnError" visibility="public" complexity="1" crap="1" count="1"/>
        <line num="100" type="stmt" count="1"/>
        <line num="101" type="stmt" count="1"/>
        <line num="107" type="method" name="verifyPeer" visibility="public" complexity="1" crap="2.00" count="0"/>
        <line num="109" type="stmt" count="0"/>
        <line num="110" type="stmt" count="0"/>
        <line num="117" type="method" name="useProxy" visibility="public" complexity="1" crap="2.00" count="0"/>
        <line num="119" type="stmt" count="0"/>
        <line num="120" type="stmt" count="0"/>
        <line num="127" type="method" name="getLastError" visibility="public" complexity="1" crap="1" count="1"/>
        <line num="129" type="stmt" count="1"/>
        <line num="137" type="method" name="connection" visibility="private" complexity="2" crap="2" count="17"/>
        <line num="139" type="stmt" count="17"/>
        <line num="140" type="stmt" count="11"/>
        <line num="141" type="stmt" count="11"/>
        <line num="143" type="stmt" count="17"/>
        <line num="150" type="method" name="getConnection" visibility="public" complexity="1" crap="2.00" count="0"/>
        <line num="152" type="stmt" count="0"/>
        <line num="159" type="method" name="setConnection" visibility="public" complexity="1" crap="1" count="18"/>
        <line num="161" type="stmt" count="18"/>
        <line num="162" type="stmt" count="18"/>
        <line num="170" type="method" name="getCollection" visibility="public" complexity="1" crap="1" count="4"/>
        <line num="172" type="stmt" count="4"/>
        <line num="173" type="stmt" count="4"/>
        <line num="174" type="stmt" count="4"/>
        <line num="184" type="method" name="getResource" visibility="public" complexity="1" crap="1" count="7"/>
        <line num="186" type="stmt" count="7"/>
        <line num="187" type="stmt" count="7"/>
        <line num="188" type="stmt" count="7"/>
        <line num="196" type="method" name="getCount" visibility="public" complexity="3" crap="12.00" count="0"/>
        <line num="198" type="stmt" count="0"/>
        <line num="199" type="stmt" count="0"/>
        <line num="200" type="stmt" count="0"/>
        <line num="202" type="stmt" count="0"/>
        <line num="211" type="method" name="createResource" visibility="public" complexity="2" crap="2" count="1"/>
        <line num="213" type="stmt" count="1"/>
        <line num="214" type="stmt" count="1"/>
        <line num="216" type="stmt" count="1"/>
        <line num="217" type="stmt" count="1"/>
        <line num="226" type="method" name="createFiledResource" visibility="public" complexity="2" crap="2" count="2"/>
        <line num="228" type="stmt" count="2"/>
        <line num="229" type="stmt" count="2"/>
        <line num="231" type="stmt" count="2"/>
        <line num="232" type="stmt" count="2"/>
        <line num="241" type="method" name="updateResource" visibility="public" complexity="2" crap="2.06" count="1"/>
        <line num="243" type="stmt" count="1"/>
        <line num="244" type="stmt" count="0"/>
        <line num="246" type="stmt" count="1"/>
        <line num="247" type="stmt" count="1"/>
        <line num="255" type="method" name="deleteResource" visibility="public" complexity="1" crap="2.00" count="0"/>
        <line num="257" type="stmt" count="0"/>
        <line num="258" type="stmt" count="0"/>
        <line num="267" type="method" name="mapCollection" visibility="private" complexity="4" crap="4" count="4"/>
        <line num="269" type="stmt" count="4"/>
        <line num="270" type="stmt" count="1"/>
        <line num="272" type="stmt" count="3"/>
        <line num="273" type="stmt" count="3"/>
        <line num="274" type="stmt" count="3"/>
        <line num="282" type="method" name="mapCollectionObject" visibility="private" complexity="1" crap="1" count="3"/>
        <line num="284" type="stmt" count="3"/>
        <line num="285" type="stmt" count="3"/>
        <line num="294" type="method" name="mapResource" visibility="private" complexity="4" crap="4.13" count="7"/>
        <line num="296" type="stmt" count="7"/>
        <line num="297" type="stmt" count="0"/>
        <line num="299" type="stmt" count="7"/>
        <line num="300" type="stmt" count="7"/>
        <line num="301" type="stmt" count="7"/>
        <line num="309" type="method" name="mapCount" visibility="private" complexity="3" crap="12.00" count="0"/>
        <line num="311" type="stmt" count="0"/>
        <line num="312" type="stmt" count="0"/>
        <line num="314" type="stmt" count="0"/>
        <line num="323" type="method" name="getUser" visibility="public" complexity="1" crap="1" count="1"/>
        <line num="325" type="stmt" count="1"/>
        <line num="334" type="method" name="getMessageThreads" visibility="public" complexity="1" crap="1" count="1"/>
        <line num="336" type="stmt" count="1"/>
        <line num="346" type="method" name="getMessageThread" visibility="public" complexity="1" crap="1" count="1"/>
        <line num="348" type="stmt" count="1"/>
        <line num="358" type="method" name="createMessage" visibility="public" complexity="2" crap="2.15" count="1"/>
        <line num="360" type="stmt" count="1"/>
        <line num="361" type="stmt" count="1"/>
        <line num="363" type="stmt" count="0"/>
        <line num="373" type="method" name="getUnreadCount" visibility="public" complexity="1" crap="1" count="1"/>
        <line num="375" type="stmt" count="1"/>
        <line num="385" type="method" name="getNotifyCount" visibility="public" complexity="1" crap="1" count="1"/>
        <line num="387" type="stmt" count="1"/>
        <line num="397" type="method" name="getCourses" visibility="public" complexity="1" crap="1" count="1"/>
        <line num="399" type="stmt" count="1"/>
        <line num="409" type="method" name="getLessons" visibility="public" complexity="1" crap="1" count="1"/>
        <line num="411" type="stmt" count="1"/>
        <line num="421" type="method" name="getLesson" visibility="public" complexity="1" crap="1" count="1"/>
        <line num="423" type="stmt" count="1"/>
        <line num="433" type="method" name="getGrades" visibility="public" complexity="1" crap="1" count="1"/>
        <line num="435" type="stmt" count="1"/>
        <line num="444" type="method" name="getClasses" visibility="public" complexity="1" crap="1" count="1"/>
        <line num="446" type="stmt" count="1"/>
        <line num="454" type="method" name="getGroupClasses" visibility="public" complexity="1" crap="2.00" count="0"/>
        <line num="456" type="stmt" count="0"/>
        <line num="464" type="method" name="getClassDetails" visibility="public" complexity="1" crap="1" count="1"/>
        <line num="466" type="stmt" count="1"/>
        <line num="474" type="method" name="createUser" visibility="public" complexity="1" crap="1" count="1"/>
        <line num="476" type="stmt" count="1"/>
        <line num="484" type="method" name="updateUser" visibility="public" complexity="1" crap="1" count="1"/>
        <line num="486" type="stmt" count="1"/>
        <line num="499" type="method" name="createHomework" visibility="public" complexity="1" crap="1" count="1"/>
        <line num="501" type="stmt" count="1"/>
        <metrics loc="503" ncloc="231" classes="1" methods="36" coveredmethods="25" conditionals="0" coveredconditionals="0" statements="83" coveredstatements="64" elements="119" coveredelements="89"/>
      </file>
      <file name="/home/jherr/git/portal_api_php_sdk/src/UniversalEducation/Api/ClientError.php">
        <class name="UniversalEducation\Api\ClientError" namespace="UniversalEducation\Api">
          <metrics complexity="1" methods="1" coveredmethods="0" conditionals="0" coveredconditionals="0" statements="3" coveredstatements="0" elements="4" coveredelements="0"/>
        </class>
        <line num="8" type="method" name="__toString" visibility="public" complexity="1" crap="2.00" count="0"/>
        <line num="9" type="stmt" count="0"/>
        <line num="10" type="stmt" count="0"/>
        <line num="11" type="stmt" count="0"/>
        <metrics loc="11" ncloc="8" classes="1" methods="1" coveredmethods="0" conditionals="0" coveredconditionals="0" statements="3" coveredstatements="0" elements="4" coveredelements="0"/>
      </file>
      <file name="/home/jherr/git/portal_api_php_sdk/src/UniversalEducation/Api/Connection.php">
        <class name="UniversalEducation\Api\Connection" namespace="UniversalEducation\Api">
          <metrics complexity="63" methods="29" coveredmethods="9" conditionals="0" coveredconditionals="0" statements="176" coveredstatements="52" elements="205" coveredelements="61"/>
        </class>
        <line num="81" type="method" name="__construct" visibility="public" complexity="3" crap="3.05" count="11"/>
        <line num="83" type="stmt" count="11"/>
        <line num="84" type="stmt" count="0"/>
        <line num="86" type="stmt" count="11"/>
        <line num="87" type="stmt" count="11"/>
        <line num="88" type="stmt" count="11"/>
        <line num="90" type="stmt" count="11"/>
        <line num="91" type="stmt" count="11"/>
        <line num="92" type="stmt" count="11"/>
        <line num="94" type="stmt" count="0"/>
        <line num="96" type="stmt" count="11"/>
        <line num="97" type="stmt" count="11"/>
        <line num="104" type="method" name="useXml" visibility="public" complexity="2" crap="6.00" count="0"/>
        <line num="106" type="stmt" count="0"/>
        <line num="107" type="stmt" count="0"/>
        <line num="108" type="stmt" count="0"/>
        <line num="110" type="stmt" count="0"/>
        <line num="111" type="stmt" count="0"/>
        <line num="113" type="stmt" count="0"/>
        <line num="120" type="method" name="useUrlEncoded" visibility="public" complexity="2" crap="6.00" count="0"/>
        <line num="122" type="stmt" count="0"/>
        <line num="123" type="stmt" count="0"/>
        <line num="125" type="stmt" count="0"/>
        <line num="141" type="method" name="failOnError" visibility="public" complexity="1" crap="2.00" count="0"/>
        <line num="143" type="stmt" count="0"/>
        <line num="144" type="stmt" count="0"/>
        <line num="151" type="method" name="authenticateBearer" visibility="public" complexity="1" crap="1" count="11"/>
        <line num="153" type="stmt" count="11"/>
        <line num="154" type="stmt" count="11"/>
        <line num="161" type="method" name="setTimeout" visibility="public" complexity="1" crap="1" count="11"/>
        <line num="163" type="stmt" count="11"/>
        <line num="164" type="stmt" count="11"/>
        <line num="165" type="stmt" count="11"/>
        <line num="172" type="method" name="useProxy" visibility="public" complexity="2" crap="6.00" count="0"/>
        <line num="174" type="stmt" count="0"/>
        <line num="175" type="stmt" count="0"/>
        <line num="176" type="stmt" count="0"/>
        <line num="178" type="stmt" count="0"/>
        <line num="183" type="method" name="verifyPeer" visibility="public" complexity="1" crap="2.00" count="0"/>
        <line num="185" type="stmt" count="0"/>
        <line num="186" type="stmt" count="0"/>
        <line num="193" type="method" name="addHeader" visibility="public" complexity="1" crap="1" count="11"/>
        <line num="195" type="stmt" count="11"/>
        <line num="196" type="stmt" count="11"/>
        <line num="202" type="method" name="removeHeader" visibility="public" complexity="1" crap="2.00" count="0"/>
        <line num="204" type="stmt" count="0"/>
        <line num="205" type="stmt" count="0"/>
        <line num="211" type="method" name="getContentType" visibility="private" complexity="2" crap="2" count="11"/>
        <line num="213" type="stmt" count="11"/>
        <line num="219" type="method" name="initializeRequest" visibility="private" complexity="1" crap="1" count="11"/>
        <line num="221" type="stmt" count="11"/>
        <line num="222" type="stmt" count="11"/>
        <line num="223" type="stmt" count="11"/>
        <line num="224" type="stmt" count="11"/>
        <line num="225" type="stmt" count="11"/>
        <line num="226" type="stmt" count="11"/>
        <line num="227" type="stmt" count="11"/>
        <line num="228" type="stmt" count="11"/>
        <line num="229" type="stmt" count="11"/>
        <line num="236" type="method" name="handleResponse" visibility="private" complexity="10" crap="30.35" count="11"/>
        <line num="238" type="stmt" count="11"/>
        <line num="239" type="stmt" count="0"/>
        <line num="241" type="stmt" count="11"/>
        <line num="242" type="stmt" count="11"/>
        <line num="243" type="stmt" count="11"/>
        <line num="244" type="stmt" count="0"/>
        <line num="245" type="stmt" count="0"/>
        <line num="247" type="stmt" count="0"/>
        <line num="248" type="stmt" count="0"/>
        <line num="250" type="stmt" count="11"/>
        <line num="251" type="stmt" count="0"/>
        <line num="252" type="stmt" count="0"/>
        <line num="254" type="stmt" count="0"/>
        <line num="255" type="stmt" count="0"/>
        <line num="258" type="stmt" count="11"/>
        <line num="259" type="stmt" count="0"/>
        <line num="261" type="stmt" count="11"/>
        <line num="267" type="method" name="getLastError" visibility="public" complexity="1" crap="2.00" count="0"/>
        <line num="269" type="stmt" count="0"/>
        <line num="278" type="method" name="followRedirectPath" visibility="private" complexity="6" crap="42.00" count="0"/>
        <line num="280" type="stmt" count="0"/>
        <line num="281" type="stmt" count="0"/>
        <line num="282" type="stmt" count="0"/>
        <line num="283" type="stmt" count="0"/>
        <line num="284" type="stmt" count="0"/>
        <line num="285" type="stmt" count="0"/>
        <line num="286" type="stmt" count="0"/>
        <line num="288" type="stmt" count="0"/>
        <line num="289" type="stmt" count="0"/>
        <line num="291" type="stmt" count="0"/>
        <line num="293" type="stmt" count="0"/>
        <line num="294" type="stmt" count="0"/>
        <line num="297" type="stmt" count="0"/>
        <line num="299" type="stmt" count="0"/>
        <line num="308" type="method" name="get" visibility="public" complexity="2" crap="2.00" count="11"/>
        <line num="310" type="stmt" count="11"/>
        <line num="311" type="stmt" count="11"/>
        <line num="312" type="stmt" count="0"/>
        <line num="314" type="stmt" count="11"/>
        <line num="315" type="stmt" count="11"/>
        <line num="316" type="stmt" count="11"/>
        <line num="317" type="stmt" count="11"/>
        <line num="318" type="stmt" count="11"/>
        <line num="319" type="stmt" count="11"/>
        <line num="320" type="stmt" count="11"/>
        <line num="330" type="method" name="post" visibility="public" complexity="2" crap="6.00" count="0"/>
        <line num="332" type="stmt" count="0"/>
        <line num="333" type="stmt" count="0"/>
        <line num="334" type="stmt" count="0"/>
        <line num="336" type="stmt" count="0"/>
        <line num="337" type="stmt" count="0"/>
        <line num="338" type="stmt" count="0"/>
        <line num="339" type="stmt" count="0"/>
        <line num="340" type="stmt" count="0"/>
        <line num="341" type="stmt" count="0"/>
        <line num="342" type="stmt" count="0"/>
        <line num="343" type="stmt" count="0"/>
        <line num="344" type="stmt" count="0"/>
        <line num="355" type="method" name="post_form" visibility="public" complexity="6" crap="42.00" count="0"/>
        <line num="357" type="stmt" count="0"/>
        <line num="358" type="stmt" count="0"/>
        <line num="359" type="stmt" count="0"/>
        <line num="360" type="stmt" count="0"/>
        <line num="361" type="stmt" count="0"/>
        <line num="362" type="stmt" count="0"/>
        <line num="363" type="stmt" count="0"/>
        <line num="364" type="stmt" count="0"/>
        <line num="365" type="stmt" count="0"/>
        <line num="366" type="stmt" count="0"/>
        <line num="370" type="stmt" count="0"/>
        <line num="371" type="stmt" count="0"/>
        <line num="376" type="stmt" count="0"/>
        <line num="377" type="stmt" count="0"/>
        <line num="378" type="stmt" count="0"/>
        <line num="379" type="stmt" count="0"/>
        <line num="380" type="stmt" count="0"/>
        <line num="381" type="stmt" count="0"/>
        <line num="382" type="stmt" count="0"/>
        <line num="383" type="stmt" count="0"/>
        <line num="384" type="stmt" count="0"/>
        <line num="385" type="stmt" count="0"/>
        <line num="386" type="stmt" count="0"/>
        <line num="394" type="method" name="head" visibility="public" complexity="1" crap="2.00" count="0"/>
        <line num="396" type="stmt" count="0"/>
        <line num="397" type="stmt" count="0"/>
        <line num="398" type="stmt" count="0"/>
        <line num="399" type="stmt" count="0"/>
        <line num="400" type="stmt" count="0"/>
        <line num="401" type="stmt" count="0"/>
        <line num="413" type="method" name="put" visibility="public" complexity="2" crap="6.00" count="0"/>
        <line num="415" type="stmt" count="0"/>
        <line num="416" type="stmt" count="0"/>
        <line num="417" type="stmt" count="0"/>
        <line num="419" type="stmt" count="0"/>
        <line num="420" type="stmt" count="0"/>
        <line num="421" type="stmt" count="0"/>
        <line num="422" type="stmt" count="0"/>
        <line num="423" type="stmt" count="0"/>
        <line num="424" type="stmt" count="0"/>
        <line num="425" type="stmt" count="0"/>
        <line num="426" type="stmt" count="0"/>
        <line num="427" type="stmt" count="0"/>
        <line num="428" type="stmt" count="0"/>
        <line num="429" type="stmt" count="0"/>
        <line num="430" type="stmt" count="0"/>
        <line num="431" type="stmt" count="0"/>
        <line num="432" type="stmt" count="0"/>
        <line num="433" type="stmt" count="0"/>
        <line num="441" type="method" name="delete" visibility="public" complexity="1" crap="2.00" count="0"/>
        <line num="443" type="stmt" count="0"/>
        <line num="444" type="stmt" count="0"/>
        <line num="445" type="stmt" count="0"/>
        <line num="446" type="stmt" count="0"/>
        <line num="447" type="stmt" count="0"/>
        <line num="448" type="stmt" count="0"/>
        <line num="449" type="stmt" count="0"/>
        <line num="450" type="stmt" count="0"/>
        <line num="459" type="method" name="parseBody" visibility="private" complexity="1" crap="1" count="11"/>
        <line num="461" type="stmt" count="11"/>
        <line num="462" type="stmt" count="11"/>
        <line num="471" type="method" name="parseHeader" visibility="private" complexity="4" crap="4" count="11"/>
        <line num="473" type="stmt" count="11"/>
        <line num="474" type="stmt" count="11"/>
        <line num="476" type="stmt" count="11"/>
        <line num="477" type="stmt" count="11"/>
        <line num="478" type="stmt" count="11"/>
        <line num="481" type="stmt" count="11"/>
        <line num="488" type="method" name="getStatus" visibility="public" complexity="1" crap="1" count="11"/>
        <line num="490" type="stmt" count="11"/>
        <line num="497" type="method" name="getStatusMessage" visibility="public" complexity="1" crap="2.00" count="0"/>
        <line num="499" type="stmt" count="0"/>
        <line num="506" type="method" name="getBody" visibility="public" complexity="1" crap="1" count="11"/>
        <line num="508" type="stmt" count="11"/>
        <line num="517" type="method" name="getHeader" visibility="public" complexity="4" crap="20.00" count="0"/>
        <line num="519" type="stmt" count="0"/>
        <line num="520" type="stmt" count="0"/>
        <line num="523" type="stmt" count="0"/>
        <line num="524" type="stmt" count="0"/>
        <line num="525" type="stmt" count="0"/>
        <line num="528" type="stmt" count="0"/>
        <line num="532" type="method" name="getHeaders" visibility="public" complexity="1" crap="2.00" count="0"/>
        <line num="534" type="stmt" count="0"/>
        <line num="539" type="method" name="__destruct" visibility="public" complexity="1" crap="2.00" count="0"/>
        <line num="541" type="stmt" count="0"/>
        <line num="542" type="stmt" count="0"/>
        <metrics loc="542" ncloc="303" classes="1" methods="29" coveredmethods="9" conditionals="0" coveredconditionals="0" statements="176" coveredstatements="52" elements="205" coveredelements="61"/>
      </file>
      <file name="/home/jherr/git/portal_api_php_sdk/src/UniversalEducation/Api/Error.php">
        <class name="UniversalEducation\Api\Error" namespace="UniversalEducation\Api">
          <metrics complexity="2" methods="1" coveredmethods="0" conditionals="0" coveredconditionals="0" statements="6" coveredstatements="0" elements="7" coveredelements="0"/>
        </class>
        <line num="8" type="method" name="__construct" visibility="public" complexity="2" crap="6.00" count="0"/>
        <line num="9" type="stmt" count="0"/>
        <line num="10" type="stmt" count="0"/>
        <line num="11" type="stmt" count="0"/>
        <line num="12" type="stmt" count="0"/>
        <line num="13" type="stmt" count="0"/>
        <line num="14" type="stmt" count="0"/>
        <metrics loc="14" ncloc="11" classes="1" methods="1" coveredmethods="0" conditionals="0" coveredconditionals="0" statements="6" coveredstatements="0" elements="7" coveredelements="0"/>
      </file>
      <file name="/home/jherr/git/portal_api_php_sdk/src/UniversalEducation/Api/Filter.php">
        <class name="UniversalEducation\Api\Filter" namespace="UniversalEducation\Api">
          <metrics complexity="8" methods="4" coveredmethods="0" conditionals="0" coveredconditionals="0" statements="19" coveredstatements="0" elements="23" coveredelements="0"/>
        </class>
        <line num="15" type="method" name="create" visibility="public" complexity="3" crap="12.00" count="0"/>
        <line num="16" type="stmt" count="0"/>
        <line num="17" type="stmt" count="0"/>
        <line num="18" type="stmt" count="0"/>
        <line num="19" type="stmt" count="0"/>
        <line num="20" type="stmt" count="0"/>
        <line num="21" type="stmt" count="0"/>
        <line num="22" type="stmt" count="0"/>
        <line num="23" type="stmt" count="0"/>
        <line num="24" type="stmt" count="0"/>
        <line num="25" type="method" name="__construct" visibility="public" complexity="2" crap="6.00" count="0"/>
        <line num="26" type="stmt" count="0"/>
        <line num="27" type="stmt" count="0"/>
        <line num="28" type="stmt" count="0"/>
        <line num="29" type="method" name="__set" visibility="public" complexity="1" crap="2.00" count="0"/>
        <line num="30" type="stmt" count="0"/>
        <line num="31" type="stmt" count="0"/>
        <line num="32" type="stmt" count="0"/>
        <line num="39" type="method" name="toQuery" visibility="public" complexity="2" crap="6.00" count="0"/>
        <line num="40" type="stmt" count="0"/>
        <line num="41" type="stmt" count="0"/>
        <line num="42" type="stmt" count="0"/>
        <line num="43" type="stmt" count="0"/>
        <metrics loc="43" ncloc="28" classes="1" methods="4" coveredmethods="0" conditionals="0" coveredconditionals="0" statements="19" coveredstatements="0" elements="23" coveredelements="0"/>
      </file>
      <file name="/home/jherr/git/portal_api_php_sdk/src/UniversalEducation/Api/NetworkError.php">
        <class name="UniversalEducation\Api\NetworkError" namespace="UniversalEducation\Api">
          <metrics complexity="0" methods="0" coveredmethods="0" conditionals="0" coveredconditionals="0" statements="0" coveredstatements="0" elements="0" coveredelements="0"/>
        </class>
        <metrics loc="7" ncloc="4" classes="0" methods="0" coveredmethods="0" conditionals="0" coveredconditionals="0" statements="0" coveredstatements="0" elements="0" coveredelements="0"/>
      </file>
      <file name="/home/jherr/git/portal_api_php_sdk/src/UniversalEducation/Api/Resource.php">
        <class name="UniversalEducation\Api\Resource" namespace="UniversalEducation\Api">
          <metrics complexity="25" methods="7" coveredmethods="1" conditionals="0" coveredconditionals="0" statements="30" coveredstatements="8" elements="37" coveredelements="9"/>
        </class>
        <line num="29" type="method" name="__construct" visibility="public" complexity="6" crap="6" count="10"/>
        <line num="31" type="stmt" count="10"/>
        <line num="32" type="stmt" count="1"/>
        <line num="34" type="stmt" count="10"/>
        <line num="35" type="stmt" count="10"/>
        <line num="36" type="stmt" count="10"/>
        <line num="37" type="method" name="__get" visibility="public" complexity="5" crap="5.39" count="2"/>
        <line num="40" type="stmt" count="2"/>
        <line num="43" type="stmt" count="2"/>
        <line num="44" type="stmt" count="0"/>
        <line num="47" type="stmt" count="2"/>
        <line num="49" type="method" name="__set" visibility="public" complexity="1" crap="2.00" count="0"/>
        <line num="51" type="stmt" count="0"/>
        <line num="52" type="stmt" count="0"/>
        <line num="53" type="method" name="__isset" visibility="public" complexity="1" crap="2.00" count="0"/>
        <line num="55" type="stmt" count="0"/>
        <line num="57" type="method" name="getCreateFields" visibility="public" complexity="2" crap="6.00" count="0"/>
        <line num="59" type="stmt" count="0"/>
        <line num="60" type="stmt" count="0"/>
        <line num="61" type="stmt" count="0"/>
        <line num="63" type="stmt" count="0"/>
        <line num="65" type="method" name="getUpdateFields" visibility="public" complexity="4" crap="20.00" count="0"/>
        <line num="67" type="stmt" count="0"/>
        <line num="68" type="stmt" count="0"/>
        <line num="69" type="stmt" count="0"/>
        <line num="71" type="stmt" count="0"/>
        <line num="72" type="stmt" count="0"/>
        <line num="73" type="stmt" count="0"/>
        <line num="76" type="stmt" count="0"/>
        <line num="78" type="method" name="isIgnoredField" visibility="private" complexity="6" crap="42.00" count="0"/>
        <line num="80" type="stmt" count="0"/>
        <line num="81" type="stmt" count="0"/>
        <line num="83" type="stmt" count="0"/>
        <line num="84" type="stmt" count="0"/>
        <line num="86" type="stmt" count="0"/>
        <line num="87" type="stmt" count="0"/>
        <line num="89" type="stmt" count="0"/>
        <metrics loc="90" ncloc="64" classes="1" methods="7" coveredmethods="1" conditionals="0" coveredconditionals="0" statements="30" coveredstatements="8" elements="37" coveredelements="9"/>
      </file>
      <file name="/home/jherr/git/portal_api_php_sdk/src/UniversalEducation/Api/ServerError.php">
        <class name="UniversalEducation\Api\ServerError" namespace="UniversalEducation\Api">
          <metrics complexity="0" methods="0" coveredmethods="0" conditionals="0" coveredconditionals="0" statements="0" coveredstatements="0" elements="0" coveredelements="0"/>
        </class>
        <metrics loc="7" ncloc="4" classes="0" methods="0" coveredmethods="0" conditionals="0" coveredconditionals="0" statements="0" coveredstatements="0" elements="0" coveredelements="0"/>
      </file>
    </package>
    <package name="UniversalEducation\Api\Resources">
      <file name="/home/jherr/git/portal_api_php_sdk/src/UniversalEducation/Api/Resources/Classes.php">
        <class name="UniversalEducation\Api\Resources\Classes" namespace="UniversalEducation\Api\Resources">
          <metrics complexity="0" methods="0" coveredmethods="0" conditionals="0" coveredconditionals="0" statements="0" coveredstatements="0" elements="0" coveredelements="0"/>
        </class>
        <metrics loc="9" ncloc="9" classes="0" methods="0" coveredmethods="0" conditionals="0" coveredconditionals="0" statements="0" coveredstatements="0" elements="0" coveredelements="0"/>
      </file>
      <file name="/home/jherr/git/portal_api_php_sdk/src/UniversalEducation/Api/Resources/CourseSession.php">
        <class name="UniversalEducation\Api\Resources\CourseSession" namespace="UniversalEducation\Api\Resources">
          <metrics complexity="0" methods="0" coveredmethods="0" conditionals="0" coveredconditionals="0" statements="0" coveredstatements="0" elements="0" coveredelements="0"/>
        </class>
        <metrics loc="9" ncloc="9" classes="0" methods="0" coveredmethods="0" conditionals="0" coveredconditionals="0" statements="0" coveredstatements="0" elements="0" coveredelements="0"/>
      </file>
      <file name="/home/jherr/git/portal_api_php_sdk/src/UniversalEducation/Api/Resources/Grades.php">
        <class name="UniversalEducation\Api\Resources\Grades" namespace="UniversalEducation\Api\Resources">
          <metrics complexity="0" methods="0" coveredmethods="0" conditionals="0" coveredconditionals="0" statements="0" coveredstatements="0" elements="0" coveredelements="0"/>
        </class>
        <metrics loc="9" ncloc="9" classes="0" methods="0" coveredmethods="0" conditionals="0" coveredconditionals="0" statements="0" coveredstatements="0" elements="0" coveredelements="0"/>
      </file>
      <file name="/home/jherr/git/portal_api_php_sdk/src/UniversalEducation/Api/Resources/Homework.php">
        <class name="UniversalEducation\Api\Resources\Homework" namespace="UniversalEducation\Api\Resources">
          <metrics complexity="1" methods="1" coveredmethods="0" conditionals="0" coveredconditionals="0" statements="3" coveredstatements="0" elements="4" coveredelements="0"/>
        </class>
        <line num="10" type="method" name="create" visibility="public" complexity="1" crap="2.00" count="0"/>
        <line num="11" type="stmt" count="0"/>
        <line num="12" type="stmt" count="0"/>
        <line num="13" type="stmt" count="0"/>
        <metrics loc="13" ncloc="13" classes="1" methods="1" coveredmethods="0" conditionals="0" coveredconditionals="0" statements="3" coveredstatements="0" elements="4" coveredelements="0"/>
      </file>
      <file name="/home/jherr/git/portal_api_php_sdk/src/UniversalEducation/Api/Resources/Lesson.php">
        <class name="UniversalEducation\Api\Resources\Lesson" namespace="UniversalEducation\Api\Resources">
          <metrics complexity="0" methods="0" coveredmethods="0" conditionals="0" coveredconditionals="0" statements="0" coveredstatements="0" elements="0" coveredelements="0"/>
        </class>
        <metrics loc="9" ncloc="9" classes="0" methods="0" coveredmethods="0" conditionals="0" coveredconditionals="0" statements="0" coveredstatements="0" elements="0" coveredelements="0"/>
      </file>
      <file name="/home/jherr/git/portal_api_php_sdk/src/UniversalEducation/Api/Resources/Message.php">
        <class name="UniversalEducation\Api\Resources\Message" namespace="UniversalEducation\Api\Resources">
          <metrics complexity="1" methods="1" coveredmethods="0" conditionals="0" coveredconditionals="0" statements="3" coveredstatements="0" elements="4" coveredelements="0"/>
        </class>
        <line num="21" type="method" name="create" visibility="public" complexity="1" crap="2.00" count="0"/>
        <line num="22" type="stmt" count="0"/>
        <line num="23" type="stmt" count="0"/>
        <line num="24" type="stmt" count="0"/>
        <metrics loc="24" ncloc="24" classes="1" methods="1" coveredmethods="0" conditionals="0" coveredconditionals="0" statements="3" coveredstatements="0" elements="4" coveredelements="0"/>
      </file>
      <file name="/home/jherr/git/portal_api_php_sdk/src/UniversalEducation/Api/Resources/MessageCount.php">
        <class name="UniversalEducation\Api\Resources\MessageCount" namespace="UniversalEducation\Api\Resources">
          <metrics complexity="0" methods="0" coveredmethods="0" conditionals="0" coveredconditionals="0" statements="0" coveredstatements="0" elements="0" coveredelements="0"/>
        </class>
        <metrics loc="9" ncloc="9" classes="0" methods="0" coveredmethods="0" conditionals="0" coveredconditionals="0" statements="0" coveredstatements="0" elements="0" coveredelements="0"/>
      </file>
      <file name="/home/jherr/git/portal_api_php_sdk/src/UniversalEducation/Api/Resources/MessageThread.php">
        <class name="UniversalEducation\Api\Resources\MessageThread" namespace="UniversalEducation\Api\Resources">
          <metrics complexity="0" methods="0" coveredmethods="0" conditionals="0" coveredconditionals="0" statements="0" coveredstatements="0" elements="0" coveredelements="0"/>
        </class>
        <metrics loc="9" ncloc="9" classes="0" methods="0" coveredmethods="0" conditionals="0" coveredconditionals="0" statements="0" coveredstatements="0" elements="0" coveredelements="0"/>
      </file>
      <file name="/home/jherr/git/portal_api_php_sdk/src/UniversalEducation/Api/Resources/User.php">
        <class name="UniversalEducation\Api\Resources\User" namespace="UniversalEducation\Api\Resources">
          <metrics complexity="2" methods="2" coveredmethods="0" conditionals="0" coveredconditionals="0" statements="2" coveredstatements="0" elements="4" coveredelements="0"/>
        </class>
        <line num="29" type="method" name="create" visibility="public" complexity="1" crap="2.00" count="0"/>
        <line num="31" type="stmt" count="0"/>
        <line num="33" type="method" name="update" visibility="public" complexity="1" crap="2.00" count="0"/>
        <line num="35" type="stmt" count="0"/>
        <metrics loc="36" ncloc="36" classes="1" methods="2" coveredmethods="0" conditionals="0" coveredconditionals="0" statements="2" coveredstatements="0" elements="4" coveredelements="0"/>
      </file>
    </package>
    <metrics files="17" loc="1344" ncloc="780" classes="9" methods="82" coveredmethods="35" conditionals="0" coveredconditionals="0" statements="325" coveredstatements="124" elements="407" coveredelements="159"/>
  </project>
</coverage>
